<?xml version="1.0" encoding="UTF-8"?>
<!-- Generated by org.testng.reporters.JUnitXMLReporter -->
<testsuite hostname="DESKTOP-B0K6IK5" ignored="1" name="Surefire test" tests="2" failures="0" timestamp="2021-05-13T11:56:15 IST" time="28.421" errors="0">
  <testcase name="loginApp" time="1.995" classname="admin.primus.adminTest"/>
  <testcase name="logout" time="2.6" classname="admin.primus.adminTest"/>
  <testcase name="loginPrimus" time="0.0" classname="admin.primus.multipleTest">
    <ignored/>
  </testcase> <!-- loginPrimus -->
</testsuite> <!-- Surefire test -->
